<?xml version="1.0" encoding="UTF-8"?>
<testng-results total="1" passed="1" failed="0" skipped="0">
  <reporter-output>
  </reporter-output>
  <suite started-at="2021-06-21T10:03:04Z" name="Surefire suite" finished-at="2021-06-21T10:03:38Z" duration-ms="34122">
    <groups>
    </groups>
    <test started-at="2021-06-21T10:03:04Z" name="Surefire test" finished-at="2021-06-21T10:03:38Z" duration-ms="34122">
      <class name="test.java.TestClass">
        <test-method is-config="true" signature="beforetestmethod()[pri:0, instance:test.java.TestClass@6b1274d2]" started-at="2021-06-21T15:03:04Z" name="beforetestmethod" finished-at="2021-06-21T15:03:04Z" duration-ms="208" status="PASS">
          <reporter-output>
          </reporter-output>
        </test-method> <!-- beforetestmethod -->
        <test-method is-config="true" signature="Launch_Site(java.lang.reflect.Method)[pri:0, instance:test.java.TestClass@6b1274d2]" started-at="2021-06-21T15:03:04Z" name="Launch_Site" finished-at="2021-06-21T15:03:23Z" duration-ms="18812" status="PASS">
          <params>
            <param index="0">
              <value>
                <![CDATA[public void test.java.TestClass.Login_Valid_Email_Wrong_Pass()]]>
              </value>
            </param>
          </params>
          <reporter-output>
          </reporter-output>
        </test-method> <!-- Launch_Site -->
        <test-method signature="Login_Valid_Email_Wrong_Pass()[pri:0, instance:test.java.TestClass@6b1274d2]" started-at="2021-06-21T15:03:23Z" name="Login_Valid_Email_Wrong_Pass" finished-at="2021-06-21T15:03:38Z" duration-ms="14475" status="PASS">
          <reporter-output>
          </reporter-output>
        </test-method> <!-- Login_Valid_Email_Wrong_Pass -->
        <test-method is-config="true" signature="AfterMethod(org.testng.ITestResult)[pri:0, instance:test.java.TestClass@6b1274d2]" started-at="2021-06-21T15:03:38Z" name="AfterMethod" finished-at="2021-06-21T15:03:38Z" duration-ms="12" status="PASS">
          <params>
            <param index="0">
              <value>
                <![CDATA[[TestResult name=Login_Valid_Email_Wrong_Pass status=SUCCESS method=TestClass.Login_Valid_Email_Wrong_Pass()[pri:0, instance:test.java.TestClass@6b1274d2] output={null}]]]>
              </value>
            </param>
          </params>
          <reporter-output>
          </reporter-output>
        </test-method> <!-- AfterMethod -->
        <test-method is-config="true" signature="After_test()[pri:0, instance:test.java.TestClass@6b1274d2]" started-at="2021-06-21T15:03:38Z" name="After_test" finished-at="2021-06-21T15:03:38Z" duration-ms="598" status="PASS">
          <reporter-output>
          </reporter-output>
        </test-method> <!-- After_test -->
      </class> <!-- test.java.TestClass -->
    </test> <!-- Surefire test -->
  </suite> <!-- Surefire suite -->
</testng-results>
